<?xml version="1.0" encoding="UTF-8"?>
<!-- Generated by org.testng.reporters.JUnitReportReporter -->
<testsuite hostname="Shrini16" failures="0" tests="2" name="Selenium9924.TestNg" time="0.017" errors="0" timestamp="2023-10-13T12:58:02 IST" skipped="0">
  <testcase classname="Selenium9924.TestNg" name="f" time="0.005"/>
  <testcase classname="Selenium9924.TestNg" name="f" time="0.012"/>
</testsuite> <!-- Selenium9924.TestNg -->
